<?xml version="1.0" encoding="UTF-8"?>
<testng-results skipped="0" failed="0" ignored="0" total="1" passed="1">
  <reporter-output>
  </reporter-output>
  <suite name="Default suite" duration-ms="9800" started-at="2019-06-14T04:49:27Z" finished-at="2019-06-14T04:49:36Z">
    <groups>
    </groups>
    <test name="Default test" duration-ms="9800" started-at="2019-06-14T04:49:27Z" finished-at="2019-06-14T04:49:36Z">
      <class name="com.test.NewTest4">
        <test-method status="PASS" signature="webapllicationregistration()[pri:0, instance:com.test.NewTest4@4678c730]" name="webapllicationregistration" duration-ms="9749" started-at="2019-06-14T04:49:27Z" finished-at="2019-06-14T04:49:36Z">
          <reporter-output>
          </reporter-output>
        </test-method> <!-- webapllicationregistration -->
      </class> <!-- com.test.NewTest4 -->
    </test> <!-- Default test -->
  </suite> <!-- Default suite -->
</testng-results>
